05-31 22:15:27 com_github_MitjaNemec_Archive3DModels.action_archive_3d_models 220:Plugin executed on: 'linux'
05-31 22:15:27 com_github_MitjaNemec_Archive3DModels.action_archive_3d_models 221:Plugin executed with python version: '3.10.12 (main, Nov 20 2023, 15:14:05) [GCC 11.4.0]'
05-31 22:15:27 com_github_MitjaNemec_Archive3DModels.action_archive_3d_models 222:KiCad build version: 8.0.1-8.0.1-1~ubuntu22.04.1
05-31 22:15:27 com_github_MitjaNemec_Archive3DModels.action_archive_3d_models 223:Plugin version: 1.0.12

05-31 22:15:27 com_github_MitjaNemec_Archive3DModels.action_archive_3d_models 228:Screen sizes: [wx.Size(3840, 2160), wx.Size(1920, 1080)]
05-31 22:15:27 com_github_MitjaNemec_Archive3DModels.action_archive_3d_models 235:Dialog size: wx.Size(213, 81)
05-31 22:15:27 com_github_MitjaNemec_Archive3DModels.action_archive_3d_models 237:Char size: 16
05-31 22:15:29 com_github_MitjaNemec_Archive3DModels.archive_3d_models 26:Starting to archive 3D models
05-31 22:15:29 com_github_MitjaNemec_Archive3DModels.archive_3d_models 47:Getting 3D models for footprint of: C4
05-31 22:15:29 com_github_MitjaNemec_Archive3DModels.archive_3d_models 59:Trying to copy: ${KICAD6_3DMODEL_DIR}/Capacitor_SMD.3dshapes/C_0603_1608Metric.wrl
05-31 22:15:29 com_github_MitjaNemec_Archive3DModels.archive_3d_models 74:Can not find model defined with enviroment variable:
${KICAD6_3DMODEL_DIR}/Capacitor_SMD.3dshapes/C_0603_1608Metric.wrl
05-31 22:15:29 com_github_MitjaNemec_Archive3DModels.archive_3d_models 135:Did not copy: ${KICAD6_3DMODEL_DIR}/Capacitor_SMD.3dshapes/C_0603_1608Metric.wrl
05-31 22:15:29 com_github_MitjaNemec_Archive3DModels.archive_3d_models 139:Remapping: ${KICAD6_3DMODEL_DIR}/Capacitor_SMD.3dshapes/C_0603_1608Metric.wrl
05-31 22:15:29 com_github_MitjaNemec_Archive3DModels.archive_3d_models 47:Getting 3D models for footprint of: TP4
05-31 22:15:29 com_github_MitjaNemec_Archive3DModels.archive_3d_models 59:Trying to copy: C:/Users/Finn/Desktop/Design Projects/Component_3D/Keystone - 5000.step
05-31 22:15:29 com_github_MitjaNemec_Archive3DModels.archive_3d_models 97:Ambiguous path for the model: C:/Users/Finn/Desktop/Design Projects/Component_3D/Keystone - 5000.step
05-31 22:15:29 com_github_MitjaNemec_Archive3DModels.archive_3d_models 114:Can not find model defined with: C:/Users/Finn/Desktop/Design Projects/Component_3D/Keystone - 5000.step
05-31 22:15:29 com_github_MitjaNemec_Archive3DModels.archive_3d_models 135:Did not copy: C:/Users/Finn/Desktop/Design Projects/Component_3D/Keystone - 5000.step
05-31 22:15:29 com_github_MitjaNemec_Archive3DModels.archive_3d_models 139:Remapping: C:/Users/Finn/Desktop/Design Projects/Component_3D/Keystone - 5000.step
05-31 22:15:29 com_github_MitjaNemec_Archive3DModels.archive_3d_models 47:Getting 3D models for footprint of: R1
05-31 22:15:29 com_github_MitjaNemec_Archive3DModels.archive_3d_models 59:Trying to copy: ${KIPRJMOD}/packages3D/R_0805_2012Metric.wrl
05-31 22:15:29 com_github_MitjaNemec_Archive3DModels.archive_3d_models 139:Remapping: ${KIPRJMOD}/packages3D/R_0805_2012Metric.wrl
05-31 22:15:29 com_github_MitjaNemec_Archive3DModels.archive_3d_models 47:Getting 3D models for footprint of: R11
05-31 22:15:29 com_github_MitjaNemec_Archive3DModels.archive_3d_models 59:Trying to copy: ${KICAD6_3DMODEL_DIR}/Resistor_SMD.3dshapes/R_0402_1005Metric.wrl
05-31 22:15:29 com_github_MitjaNemec_Archive3DModels.archive_3d_models 74:Can not find model defined with enviroment variable:
${KICAD6_3DMODEL_DIR}/Resistor_SMD.3dshapes/R_0402_1005Metric.wrl
05-31 22:15:29 com_github_MitjaNemec_Archive3DModels.archive_3d_models 135:Did not copy: ${KICAD6_3DMODEL_DIR}/Resistor_SMD.3dshapes/R_0402_1005Metric.wrl
05-31 22:15:29 com_github_MitjaNemec_Archive3DModels.archive_3d_models 139:Remapping: ${KICAD6_3DMODEL_DIR}/Resistor_SMD.3dshapes/R_0402_1005Metric.wrl
05-31 22:15:29 com_github_MitjaNemec_Archive3DModels.archive_3d_models 47:Getting 3D models for footprint of: L1
05-31 22:15:29 com_github_MitjaNemec_Archive3DModels.archive_3d_models 47:Getting 3D models for footprint of: U4
05-31 22:15:29 com_github_MitjaNemec_Archive3DModels.archive_3d_models 59:Trying to copy: /media/finn/08E85744E8572F66/Users/Finn/Desktop/Design Projects/Component_3D/AP33772DKZ-13.stp
05-31 22:15:29 com_github_MitjaNemec_Archive3DModels.archive_3d_models 139:Remapping: /media/finn/08E85744E8572F66/Users/Finn/Desktop/Design Projects/Component_3D/AP33772DKZ-13.stp
05-31 22:15:29 com_github_MitjaNemec_Archive3DModels.archive_3d_models 47:Getting 3D models for footprint of: Q1
05-31 22:15:29 com_github_MitjaNemec_Archive3DModels.archive_3d_models 59:Trying to copy: C:/Users/Finn/Desktop/Design Projects/Component_3D/SOT-23F.STEP
05-31 22:15:29 com_github_MitjaNemec_Archive3DModels.archive_3d_models 97:Ambiguous path for the model: C:/Users/Finn/Desktop/Design Projects/Component_3D/SOT-23F.STEP
05-31 22:15:29 com_github_MitjaNemec_Archive3DModels.archive_3d_models 114:Can not find model defined with: C:/Users/Finn/Desktop/Design Projects/Component_3D/SOT-23F.STEP
05-31 22:15:29 com_github_MitjaNemec_Archive3DModels.archive_3d_models 135:Did not copy: C:/Users/Finn/Desktop/Design Projects/Component_3D/SOT-23F.STEP
05-31 22:15:29 com_github_MitjaNemec_Archive3DModels.archive_3d_models 139:Remapping: C:/Users/Finn/Desktop/Design Projects/Component_3D/SOT-23F.STEP
05-31 22:15:29 com_github_MitjaNemec_Archive3DModels.archive_3d_models 47:Getting 3D models for footprint of: TP8
05-31 22:15:29 com_github_MitjaNemec_Archive3DModels.archive_3d_models 47:Getting 3D models for footprint of: R9
05-31 22:15:29 com_github_MitjaNemec_Archive3DModels.archive_3d_models 59:Trying to copy: ${KICAD6_3DMODEL_DIR}/Resistor_SMD.3dshapes/R_0402_1005Metric.wrl
05-31 22:15:29 com_github_MitjaNemec_Archive3DModels.archive_3d_models 74:Can not find model defined with enviroment variable:
${KICAD6_3DMODEL_DIR}/Resistor_SMD.3dshapes/R_0402_1005Metric.wrl
05-31 22:15:29 com_github_MitjaNemec_Archive3DModels.archive_3d_models 135:Did not copy: ${KICAD6_3DMODEL_DIR}/Resistor_SMD.3dshapes/R_0402_1005Metric.wrl
05-31 22:15:29 com_github_MitjaNemec_Archive3DModels.archive_3d_models 139:Remapping: ${KICAD6_3DMODEL_DIR}/Resistor_SMD.3dshapes/R_0402_1005Metric.wrl
05-31 22:15:29 com_github_MitjaNemec_Archive3DModels.archive_3d_models 47:Getting 3D models for footprint of: TP6
05-31 22:15:29 com_github_MitjaNemec_Archive3DModels.archive_3d_models 59:Trying to copy: C:/Users/Finn/Desktop/Design Projects/Component_3D/Keystone - 5000.step
05-31 22:15:29 com_github_MitjaNemec_Archive3DModels.archive_3d_models 97:Ambiguous path for the model: C:/Users/Finn/Desktop/Design Projects/Component_3D/Keystone - 5000.step
05-31 22:15:29 com_github_MitjaNemec_Archive3DModels.archive_3d_models 114:Can not find model defined with: C:/Users/Finn/Desktop/Design Projects/Component_3D/Keystone - 5000.step
05-31 22:15:29 com_github_MitjaNemec_Archive3DModels.archive_3d_models 135:Did not copy: C:/Users/Finn/Desktop/Design Projects/Component_3D/Keystone - 5000.step
05-31 22:15:29 com_github_MitjaNemec_Archive3DModels.archive_3d_models 139:Remapping: C:/Users/Finn/Desktop/Design Projects/Component_3D/Keystone - 5000.step
05-31 22:15:29 com_github_MitjaNemec_Archive3DModels.archive_3d_models 47:Getting 3D models for footprint of: R14
05-31 22:15:29 com_github_MitjaNemec_Archive3DModels.archive_3d_models 59:Trying to copy: ${KICAD6_3DMODEL_DIR}/Resistor_SMD.3dshapes/R_0603_1608Metric.wrl
05-31 22:15:29 com_github_MitjaNemec_Archive3DModels.archive_3d_models 74:Can not find model defined with enviroment variable:
${KICAD6_3DMODEL_DIR}/Resistor_SMD.3dshapes/R_0603_1608Metric.wrl
05-31 22:15:29 com_github_MitjaNemec_Archive3DModels.archive_3d_models 135:Did not copy: ${KICAD6_3DMODEL_DIR}/Resistor_SMD.3dshapes/R_0603_1608Metric.wrl
05-31 22:15:29 com_github_MitjaNemec_Archive3DModels.archive_3d_models 139:Remapping: ${KICAD6_3DMODEL_DIR}/Resistor_SMD.3dshapes/R_0603_1608Metric.wrl
05-31 22:15:29 com_github_MitjaNemec_Archive3DModels.archive_3d_models 47:Getting 3D models for footprint of: D2
05-31 22:15:29 com_github_MitjaNemec_Archive3DModels.archive_3d_models 59:Trying to copy: ${KICAD6_3DMODEL_DIR}/LED_SMD.3dshapes/LED_0603_1608Metric.wrl
05-31 22:15:29 com_github_MitjaNemec_Archive3DModels.archive_3d_models 74:Can not find model defined with enviroment variable:
${KICAD6_3DMODEL_DIR}/LED_SMD.3dshapes/LED_0603_1608Metric.wrl
05-31 22:15:29 com_github_MitjaNemec_Archive3DModels.archive_3d_models 135:Did not copy: ${KICAD6_3DMODEL_DIR}/LED_SMD.3dshapes/LED_0603_1608Metric.wrl
05-31 22:15:29 com_github_MitjaNemec_Archive3DModels.archive_3d_models 139:Remapping: ${KICAD6_3DMODEL_DIR}/LED_SMD.3dshapes/LED_0603_1608Metric.wrl
05-31 22:15:29 com_github_MitjaNemec_Archive3DModels.archive_3d_models 47:Getting 3D models for footprint of: R10
05-31 22:15:29 com_github_MitjaNemec_Archive3DModels.archive_3d_models 59:Trying to copy: ${KICAD6_3DMODEL_DIR}/Resistor_SMD.3dshapes/R_0402_1005Metric.wrl
05-31 22:15:29 com_github_MitjaNemec_Archive3DModels.archive_3d_models 74:Can not find model defined with enviroment variable:
${KICAD6_3DMODEL_DIR}/Resistor_SMD.3dshapes/R_0402_1005Metric.wrl
05-31 22:15:29 com_github_MitjaNemec_Archive3DModels.archive_3d_models 135:Did not copy: ${KICAD6_3DMODEL_DIR}/Resistor_SMD.3dshapes/R_0402_1005Metric.wrl
05-31 22:15:29 com_github_MitjaNemec_Archive3DModels.archive_3d_models 139:Remapping: ${KICAD6_3DMODEL_DIR}/Resistor_SMD.3dshapes/R_0402_1005Metric.wrl
05-31 22:15:29 com_github_MitjaNemec_Archive3DModels.archive_3d_models 47:Getting 3D models for footprint of: PS1
05-31 22:15:29 com_github_MitjaNemec_Archive3DModels.archive_3d_models 59:Trying to copy: ${KICAD8_3DMODEL_DIR}/Package_TO_SOT_SMD.3dshapes/SOT-23-6.step
05-31 22:15:29 com_github_MitjaNemec_Archive3DModels.archive_3d_models 139:Remapping: ${KICAD8_3DMODEL_DIR}/Package_TO_SOT_SMD.3dshapes/SOT-23-6.step
05-31 22:15:29 com_github_MitjaNemec_Archive3DModels.archive_3d_models 47:Getting 3D models for footprint of: H1
05-31 22:15:29 com_github_MitjaNemec_Archive3DModels.archive_3d_models 47:Getting 3D models for footprint of: D3
05-31 22:15:29 com_github_MitjaNemec_Archive3DModels.archive_3d_models 59:Trying to copy: ${KICAD6_3DMODEL_DIR}/Diode_SMD.3dshapes/D_SOD-323F.wrl
05-31 22:15:29 com_github_MitjaNemec_Archive3DModels.archive_3d_models 74:Can not find model defined with enviroment variable:
${KICAD6_3DMODEL_DIR}/Diode_SMD.3dshapes/D_SOD-323F.wrl
05-31 22:15:29 com_github_MitjaNemec_Archive3DModels.archive_3d_models 135:Did not copy: ${KICAD6_3DMODEL_DIR}/Diode_SMD.3dshapes/D_SOD-323F.wrl
05-31 22:15:29 com_github_MitjaNemec_Archive3DModels.archive_3d_models 139:Remapping: ${KICAD6_3DMODEL_DIR}/Diode_SMD.3dshapes/D_SOD-323F.wrl
05-31 22:15:29 com_github_MitjaNemec_Archive3DModels.archive_3d_models 47:Getting 3D models for footprint of: SW3
05-31 22:15:29 com_github_MitjaNemec_Archive3DModels.archive_3d_models 59:Trying to copy: ${KIPRJMOD}/packages3D/SW_SPST_TL3342.wrl
05-31 22:15:29 com_github_MitjaNemec_Archive3DModels.archive_3d_models 139:Remapping: ${KIPRJMOD}/packages3D/SW_SPST_TL3342.wrl
05-31 22:15:29 com_github_MitjaNemec_Archive3DModels.archive_3d_models 47:Getting 3D models for footprint of: TH1
05-31 22:15:29 com_github_MitjaNemec_Archive3DModels.archive_3d_models 59:Trying to copy: ${KICAD6_3DMODEL_DIR}/Capacitor_SMD.3dshapes/C_0402_1005Metric.wrl
05-31 22:15:29 com_github_MitjaNemec_Archive3DModels.archive_3d_models 74:Can not find model defined with enviroment variable:
${KICAD6_3DMODEL_DIR}/Capacitor_SMD.3dshapes/C_0402_1005Metric.wrl
05-31 22:15:29 com_github_MitjaNemec_Archive3DModels.archive_3d_models 135:Did not copy: ${KICAD6_3DMODEL_DIR}/Capacitor_SMD.3dshapes/C_0402_1005Metric.wrl
05-31 22:15:29 com_github_MitjaNemec_Archive3DModels.archive_3d_models 139:Remapping: ${KICAD6_3DMODEL_DIR}/Capacitor_SMD.3dshapes/C_0402_1005Metric.wrl
05-31 22:15:29 com_github_MitjaNemec_Archive3DModels.archive_3d_models 47:Getting 3D models for footprint of: C18
05-31 22:15:29 com_github_MitjaNemec_Archive3DModels.archive_3d_models 59:Trying to copy: ${KICAD6_3DMODEL_DIR}/Capacitor_SMD.3dshapes/C_0402_1005Metric.wrl
05-31 22:15:29 com_github_MitjaNemec_Archive3DModels.archive_3d_models 74:Can not find model defined with enviroment variable:
${KICAD6_3DMODEL_DIR}/Capacitor_SMD.3dshapes/C_0402_1005Metric.wrl
05-31 22:15:29 com_github_MitjaNemec_Archive3DModels.archive_3d_models 135:Did not copy: ${KICAD6_3DMODEL_DIR}/Capacitor_SMD.3dshapes/C_0402_1005Metric.wrl
05-31 22:15:29 com_github_MitjaNemec_Archive3DModels.archive_3d_models 139:Remapping: ${KICAD6_3DMODEL_DIR}/Capacitor_SMD.3dshapes/C_0402_1005Metric.wrl
05-31 22:15:29 com_github_MitjaNemec_Archive3DModels.archive_3d_models 47:Getting 3D models for footprint of: Brd1
05-31 22:15:29 com_github_MitjaNemec_Archive3DModels.archive_3d_models 47:Getting 3D models for footprint of: R16
05-31 22:15:29 com_github_MitjaNemec_Archive3DModels.archive_3d_models 59:Trying to copy: ${KICAD6_3DMODEL_DIR}/Resistor_SMD.3dshapes/R_0603_1608Metric.wrl
05-31 22:15:29 com_github_MitjaNemec_Archive3DModels.archive_3d_models 74:Can not find model defined with enviroment variable:
${KICAD6_3DMODEL_DIR}/Resistor_SMD.3dshapes/R_0603_1608Metric.wrl
05-31 22:15:29 com_github_MitjaNemec_Archive3DModels.archive_3d_models 135:Did not copy: ${KICAD6_3DMODEL_DIR}/Resistor_SMD.3dshapes/R_0603_1608Metric.wrl
05-31 22:15:29 com_github_MitjaNemec_Archive3DModels.archive_3d_models 139:Remapping: ${KICAD6_3DMODEL_DIR}/Resistor_SMD.3dshapes/R_0603_1608Metric.wrl
05-31 22:15:29 com_github_MitjaNemec_Archive3DModels.archive_3d_models 47:Getting 3D models for footprint of: R13
05-31 22:15:29 com_github_MitjaNemec_Archive3DModels.archive_3d_models 59:Trying to copy: ${KICAD6_3DMODEL_DIR}/Resistor_SMD.3dshapes/R_0603_1608Metric.wrl
05-31 22:15:29 com_github_MitjaNemec_Archive3DModels.archive_3d_models 74:Can not find model defined with enviroment variable:
${KICAD6_3DMODEL_DIR}/Resistor_SMD.3dshapes/R_0603_1608Metric.wrl
05-31 22:15:29 com_github_MitjaNemec_Archive3DModels.archive_3d_models 135:Did not copy: ${KICAD6_3DMODEL_DIR}/Resistor_SMD.3dshapes/R_0603_1608Metric.wrl
05-31 22:15:29 com_github_MitjaNemec_Archive3DModels.archive_3d_models 139:Remapping: ${KICAD6_3DMODEL_DIR}/Resistor_SMD.3dshapes/R_0603_1608Metric.wrl
05-31 22:15:29 com_github_MitjaNemec_Archive3DModels.archive_3d_models 47:Getting 3D models for footprint of: U3
05-31 22:15:29 com_github_MitjaNemec_Archive3DModels.archive_3d_models 59:Trying to copy: ${KICAD6_3DMODEL_DIR}/Package_TO_SOT_SMD.3dshapes/SOT-23-5.wrl
05-31 22:15:29 com_github_MitjaNemec_Archive3DModels.archive_3d_models 74:Can not find model defined with enviroment variable:
${KICAD6_3DMODEL_DIR}/Package_TO_SOT_SMD.3dshapes/SOT-23-5.wrl
05-31 22:15:29 com_github_MitjaNemec_Archive3DModels.archive_3d_models 135:Did not copy: ${KICAD6_3DMODEL_DIR}/Package_TO_SOT_SMD.3dshapes/SOT-23-5.wrl
05-31 22:15:29 com_github_MitjaNemec_Archive3DModels.archive_3d_models 139:Remapping: ${KICAD6_3DMODEL_DIR}/Package_TO_SOT_SMD.3dshapes/SOT-23-5.wrl
05-31 22:15:29 com_github_MitjaNemec_Archive3DModels.archive_3d_models 47:Getting 3D models for footprint of: C1
05-31 22:15:29 com_github_MitjaNemec_Archive3DModels.archive_3d_models 59:Trying to copy: ${KICAD6_3DMODEL_DIR}/Capacitor_SMD.3dshapes/C_0805_2012Metric.wrl
05-31 22:15:29 com_github_MitjaNemec_Archive3DModels.archive_3d_models 74:Can not find model defined with enviroment variable:
${KICAD6_3DMODEL_DIR}/Capacitor_SMD.3dshapes/C_0805_2012Metric.wrl
05-31 22:15:29 com_github_MitjaNemec_Archive3DModels.archive_3d_models 135:Did not copy: ${KICAD6_3DMODEL_DIR}/Capacitor_SMD.3dshapes/C_0805_2012Metric.wrl
05-31 22:15:29 com_github_MitjaNemec_Archive3DModels.archive_3d_models 139:Remapping: ${KICAD6_3DMODEL_DIR}/Capacitor_SMD.3dshapes/C_0805_2012Metric.wrl
05-31 22:15:29 com_github_MitjaNemec_Archive3DModels.archive_3d_models 47:Getting 3D models for footprint of: U5
05-31 22:15:29 com_github_MitjaNemec_Archive3DModels.archive_3d_models 59:Trying to copy: /media/finn/08E85744E8572F66/Users/Finn/Desktop/Design Projects/Component_3D/RP2040-QFN-56.STEP
05-31 22:15:29 com_github_MitjaNemec_Archive3DModels.archive_3d_models 139:Remapping: /media/finn/08E85744E8572F66/Users/Finn/Desktop/Design Projects/Component_3D/RP2040-QFN-56.STEP
05-31 22:15:29 com_github_MitjaNemec_Archive3DModels.archive_3d_models 59:Trying to copy: C:/Users/Finn/Desktop/Design Projects/Component_3D/RP2040-QFN-56.STEP
05-31 22:15:29 com_github_MitjaNemec_Archive3DModels.archive_3d_models 97:Ambiguous path for the model: C:/Users/Finn/Desktop/Design Projects/Component_3D/RP2040-QFN-56.STEP
05-31 22:15:29 com_github_MitjaNemec_Archive3DModels.archive_3d_models 114:Can not find model defined with: C:/Users/Finn/Desktop/Design Projects/Component_3D/RP2040-QFN-56.STEP
05-31 22:15:29 com_github_MitjaNemec_Archive3DModels.archive_3d_models 135:Did not copy: C:/Users/Finn/Desktop/Design Projects/Component_3D/RP2040-QFN-56.STEP
05-31 22:15:29 com_github_MitjaNemec_Archive3DModels.archive_3d_models 139:Remapping: C:/Users/Finn/Desktop/Design Projects/Component_3D/RP2040-QFN-56.STEP
05-31 22:15:29 com_github_MitjaNemec_Archive3DModels.archive_3d_models 47:Getting 3D models for footprint of: SW1
05-31 22:15:29 com_github_MitjaNemec_Archive3DModels.archive_3d_models 59:Trying to copy: ${KICAD6_3DMODEL_DIR}/Button_Switch_THT.3dshapes/SW_Slide_1P2T_CK_OS102011MS2Q.wrl
05-31 22:15:29 com_github_MitjaNemec_Archive3DModels.archive_3d_models 74:Can not find model defined with enviroment variable:
${KICAD6_3DMODEL_DIR}/Button_Switch_THT.3dshapes/SW_Slide_1P2T_CK_OS102011MS2Q.wrl
05-31 22:15:29 com_github_MitjaNemec_Archive3DModels.archive_3d_models 135:Did not copy: ${KICAD6_3DMODEL_DIR}/Button_Switch_THT.3dshapes/SW_Slide_1P2T_CK_OS102011MS2Q.wrl
05-31 22:15:29 com_github_MitjaNemec_Archive3DModels.archive_3d_models 139:Remapping: ${KICAD6_3DMODEL_DIR}/Button_Switch_THT.3dshapes/SW_Slide_1P2T_CK_OS102011MS2Q.wrl
05-31 22:15:29 com_github_MitjaNemec_Archive3DModels.archive_3d_models 47:Getting 3D models for footprint of: C16
05-31 22:15:29 com_github_MitjaNemec_Archive3DModels.archive_3d_models 59:Trying to copy: ${KICAD6_3DMODEL_DIR}/Capacitor_SMD.3dshapes/C_0402_1005Metric.wrl
05-31 22:15:29 com_github_MitjaNemec_Archive3DModels.archive_3d_models 74:Can not find model defined with enviroment variable:
${KICAD6_3DMODEL_DIR}/Capacitor_SMD.3dshapes/C_0402_1005Metric.wrl
05-31 22:15:29 com_github_MitjaNemec_Archive3DModels.archive_3d_models 135:Did not copy: ${KICAD6_3DMODEL_DIR}/Capacitor_SMD.3dshapes/C_0402_1005Metric.wrl
05-31 22:15:29 com_github_MitjaNemec_Archive3DModels.archive_3d_models 139:Remapping: ${KICAD6_3DMODEL_DIR}/Capacitor_SMD.3dshapes/C_0402_1005Metric.wrl
05-31 22:15:29 com_github_MitjaNemec_Archive3DModels.archive_3d_models 47:Getting 3D models for footprint of: C6
05-31 22:15:29 com_github_MitjaNemec_Archive3DModels.archive_3d_models 59:Trying to copy: ${KICAD6_3DMODEL_DIR}/Capacitor_SMD.3dshapes/C_0805_2012Metric.wrl
05-31 22:15:29 com_github_MitjaNemec_Archive3DModels.archive_3d_models 74:Can not find model defined with enviroment variable:
${KICAD6_3DMODEL_DIR}/Capacitor_SMD.3dshapes/C_0805_2012Metric.wrl
05-31 22:15:29 com_github_MitjaNemec_Archive3DModels.archive_3d_models 135:Did not copy: ${KICAD6_3DMODEL_DIR}/Capacitor_SMD.3dshapes/C_0805_2012Metric.wrl
05-31 22:15:29 com_github_MitjaNemec_Archive3DModels.archive_3d_models 139:Remapping: ${KICAD6_3DMODEL_DIR}/Capacitor_SMD.3dshapes/C_0805_2012Metric.wrl
05-31 22:15:29 com_github_MitjaNemec_Archive3DModels.archive_3d_models 47:Getting 3D models for footprint of: H3
05-31 22:15:29 com_github_MitjaNemec_Archive3DModels.archive_3d_models 47:Getting 3D models for footprint of: U2
05-31 22:15:29 com_github_MitjaNemec_Archive3DModels.archive_3d_models 59:Trying to copy: ${KICAD8_3DMODEL_DIR}/Personalised.3dshapes/W25Q16JVUXIQ.STEP
05-31 22:15:29 com_github_MitjaNemec_Archive3DModels.archive_3d_models 139:Remapping: ${KICAD8_3DMODEL_DIR}/Personalised.3dshapes/W25Q16JVUXIQ.STEP
05-31 22:15:29 com_github_MitjaNemec_Archive3DModels.archive_3d_models 47:Getting 3D models for footprint of: J2
05-31 22:15:29 com_github_MitjaNemec_Archive3DModels.archive_3d_models 59:Trying to copy: :KICAD7_3DMODEL_DIR:Connector_Molex.3dshapes/Molex_Pico-EZmate_78171-0004.stp
05-31 22:15:29 com_github_MitjaNemec_Archive3DModels.archive_3d_models 97:Ambiguous path for the model: :KICAD7_3DMODEL_DIR:Connector_Molex.3dshapes/Molex_Pico-EZmate_78171-0004.stp
05-31 22:15:29 com_github_MitjaNemec_Archive3DModels.archive_3d_models 114:Can not find model defined with: :KICAD7_3DMODEL_DIR:Connector_Molex.3dshapes/Molex_Pico-EZmate_78171-0004.stp
05-31 22:15:29 com_github_MitjaNemec_Archive3DModels.archive_3d_models 135:Did not copy: :KICAD7_3DMODEL_DIR:Connector_Molex.3dshapes/Molex_Pico-EZmate_78171-0004.stp
05-31 22:15:29 com_github_MitjaNemec_Archive3DModels.archive_3d_models 139:Remapping: :KICAD7_3DMODEL_DIR:Connector_Molex.3dshapes/Molex_Pico-EZmate_78171-0004.stp
05-31 22:15:29 com_github_MitjaNemec_Archive3DModels.archive_3d_models 47:Getting 3D models for footprint of: C25
05-31 22:15:29 com_github_MitjaNemec_Archive3DModels.archive_3d_models 59:Trying to copy: ${KICAD6_3DMODEL_DIR}/Capacitor_SMD.3dshapes/C_0603_1608Metric.wrl
05-31 22:15:29 com_github_MitjaNemec_Archive3DModels.archive_3d_models 74:Can not find model defined with enviroment variable:
${KICAD6_3DMODEL_DIR}/Capacitor_SMD.3dshapes/C_0603_1608Metric.wrl
05-31 22:15:29 com_github_MitjaNemec_Archive3DModels.archive_3d_models 135:Did not copy: ${KICAD6_3DMODEL_DIR}/Capacitor_SMD.3dshapes/C_0603_1608Metric.wrl
05-31 22:15:29 com_github_MitjaNemec_Archive3DModels.archive_3d_models 139:Remapping: ${KICAD6_3DMODEL_DIR}/Capacitor_SMD.3dshapes/C_0603_1608Metric.wrl
05-31 22:15:29 com_github_MitjaNemec_Archive3DModels.archive_3d_models 47:Getting 3D models for footprint of: C14
05-31 22:15:29 com_github_MitjaNemec_Archive3DModels.archive_3d_models 59:Trying to copy: ${KICAD6_3DMODEL_DIR}/Capacitor_SMD.3dshapes/C_0402_1005Metric.wrl
05-31 22:15:29 com_github_MitjaNemec_Archive3DModels.archive_3d_models 74:Can not find model defined with enviroment variable:
${KICAD6_3DMODEL_DIR}/Capacitor_SMD.3dshapes/C_0402_1005Metric.wrl
05-31 22:15:29 com_github_MitjaNemec_Archive3DModels.archive_3d_models 135:Did not copy: ${KICAD6_3DMODEL_DIR}/Capacitor_SMD.3dshapes/C_0402_1005Metric.wrl
05-31 22:15:29 com_github_MitjaNemec_Archive3DModels.archive_3d_models 139:Remapping: ${KICAD6_3DMODEL_DIR}/Capacitor_SMD.3dshapes/C_0402_1005Metric.wrl
05-31 22:15:29 com_github_MitjaNemec_Archive3DModels.archive_3d_models 47:Getting 3D models for footprint of: J7
05-31 22:15:29 com_github_MitjaNemec_Archive3DModels.archive_3d_models 59:Trying to copy: ${KICAD7_3DMODEL_DIR}/Connector_Molex.3dshapes/Molex_Pico-EZmate_78171-0002_1x02.stp
05-31 22:15:29 com_github_MitjaNemec_Archive3DModels.archive_3d_models 74:Can not find model defined with enviroment variable:
${KICAD7_3DMODEL_DIR}/Connector_Molex.3dshapes/Molex_Pico-EZmate_78171-0002_1x02.stp
05-31 22:15:29 com_github_MitjaNemec_Archive3DModels.archive_3d_models 135:Did not copy: ${KICAD7_3DMODEL_DIR}/Connector_Molex.3dshapes/Molex_Pico-EZmate_78171-0002_1x02.stp
05-31 22:15:29 com_github_MitjaNemec_Archive3DModels.archive_3d_models 139:Remapping: ${KICAD7_3DMODEL_DIR}/Connector_Molex.3dshapes/Molex_Pico-EZmate_78171-0002_1x02.stp
05-31 22:15:29 com_github_MitjaNemec_Archive3DModels.archive_3d_models 59:Trying to copy: ${KICAD6_3DMODEL_DIR}/Connector_Molex.3dshapes/Molex_Pico-EZmate_78171-0002_1x02-1MP_P1.20mm_Vertical.wrl
05-31 22:15:29 com_github_MitjaNemec_Archive3DModels.archive_3d_models 74:Can not find model defined with enviroment variable:
${KICAD6_3DMODEL_DIR}/Connector_Molex.3dshapes/Molex_Pico-EZmate_78171-0002_1x02-1MP_P1.20mm_Vertical.wrl
05-31 22:15:29 com_github_MitjaNemec_Archive3DModels.archive_3d_models 135:Did not copy: ${KICAD6_3DMODEL_DIR}/Connector_Molex.3dshapes/Molex_Pico-EZmate_78171-0002_1x02-1MP_P1.20mm_Vertical.wrl
05-31 22:15:29 com_github_MitjaNemec_Archive3DModels.archive_3d_models 139:Remapping: ${KICAD6_3DMODEL_DIR}/Connector_Molex.3dshapes/Molex_Pico-EZmate_78171-0002_1x02-1MP_P1.20mm_Vertical.wrl
05-31 22:15:29 com_github_MitjaNemec_Archive3DModels.archive_3d_models 47:Getting 3D models for footprint of: J6
05-31 22:15:29 com_github_MitjaNemec_Archive3DModels.archive_3d_models 59:Trying to copy: ${KICAD8_3DMODEL_DIR}/Connector_USB.3dshapes/USB_C_Receptacle_GCT_USB4105-xx-A_16P_TopMnt_Horizontal.step
05-31 22:15:29 com_github_MitjaNemec_Archive3DModels.archive_3d_models 139:Remapping: ${KICAD8_3DMODEL_DIR}/Connector_USB.3dshapes/USB_C_Receptacle_GCT_USB4105-xx-A_16P_TopMnt_Horizontal.step
05-31 22:15:29 com_github_MitjaNemec_Archive3DModels.archive_3d_models 47:Getting 3D models for footprint of: R2
05-31 22:15:29 com_github_MitjaNemec_Archive3DModels.archive_3d_models 59:Trying to copy: ${KIPRJMOD}/packages3D/R_0805_2012Metric.wrl
05-31 22:15:29 com_github_MitjaNemec_Archive3DModels.archive_3d_models 139:Remapping: ${KIPRJMOD}/packages3D/R_0805_2012Metric.wrl
05-31 22:15:29 com_github_MitjaNemec_Archive3DModels.archive_3d_models 47:Getting 3D models for footprint of: C17
05-31 22:15:29 com_github_MitjaNemec_Archive3DModels.archive_3d_models 59:Trying to copy: ${KICAD6_3DMODEL_DIR}/Capacitor_SMD.3dshapes/C_0603_1608Metric.wrl
05-31 22:15:29 com_github_MitjaNemec_Archive3DModels.archive_3d_models 74:Can not find model defined with enviroment variable:
${KICAD6_3DMODEL_DIR}/Capacitor_SMD.3dshapes/C_0603_1608Metric.wrl
05-31 22:15:29 com_github_MitjaNemec_Archive3DModels.archive_3d_models 135:Did not copy: ${KICAD6_3DMODEL_DIR}/Capacitor_SMD.3dshapes/C_0603_1608Metric.wrl
05-31 22:15:29 com_github_MitjaNemec_Archive3DModels.archive_3d_models 139:Remapping: ${KICAD6_3DMODEL_DIR}/Capacitor_SMD.3dshapes/C_0603_1608Metric.wrl
05-31 22:15:29 com_github_MitjaNemec_Archive3DModels.archive_3d_models 47:Getting 3D models for footprint of: TP2
05-31 22:15:29 com_github_MitjaNemec_Archive3DModels.archive_3d_models 59:Trying to copy: C:/Users/Finn/Desktop/Design Projects/Component_3D/Keystone - 5000.step
05-31 22:15:29 com_github_MitjaNemec_Archive3DModels.archive_3d_models 97:Ambiguous path for the model: C:/Users/Finn/Desktop/Design Projects/Component_3D/Keystone - 5000.step
05-31 22:15:29 com_github_MitjaNemec_Archive3DModels.archive_3d_models 114:Can not find model defined with: C:/Users/Finn/Desktop/Design Projects/Component_3D/Keystone - 5000.step
05-31 22:15:29 com_github_MitjaNemec_Archive3DModels.archive_3d_models 135:Did not copy: C:/Users/Finn/Desktop/Design Projects/Component_3D/Keystone - 5000.step
05-31 22:15:29 com_github_MitjaNemec_Archive3DModels.archive_3d_models 139:Remapping: C:/Users/Finn/Desktop/Design Projects/Component_3D/Keystone - 5000.step
05-31 22:15:29 com_github_MitjaNemec_Archive3DModels.archive_3d_models 47:Getting 3D models for footprint of: TP9
05-31 22:15:29 com_github_MitjaNemec_Archive3DModels.archive_3d_models 47:Getting 3D models for footprint of: C15
05-31 22:15:29 com_github_MitjaNemec_Archive3DModels.archive_3d_models 59:Trying to copy: ${KICAD6_3DMODEL_DIR}/Capacitor_SMD.3dshapes/C_0402_1005Metric.wrl
05-31 22:15:29 com_github_MitjaNemec_Archive3DModels.archive_3d_models 74:Can not find model defined with enviroment variable:
${KICAD6_3DMODEL_DIR}/Capacitor_SMD.3dshapes/C_0402_1005Metric.wrl
05-31 22:15:29 com_github_MitjaNemec_Archive3DModels.archive_3d_models 135:Did not copy: ${KICAD6_3DMODEL_DIR}/Capacitor_SMD.3dshapes/C_0402_1005Metric.wrl
05-31 22:15:29 com_github_MitjaNemec_Archive3DModels.archive_3d_models 139:Remapping: ${KICAD6_3DMODEL_DIR}/Capacitor_SMD.3dshapes/C_0402_1005Metric.wrl
05-31 22:15:29 com_github_MitjaNemec_Archive3DModels.archive_3d_models 47:Getting 3D models for footprint of: R4
05-31 22:15:29 com_github_MitjaNemec_Archive3DModels.archive_3d_models 59:Trying to copy: ${KICAD6_3DMODEL_DIR}/Resistor_SMD.3dshapes/R_0402_1005Metric.wrl
05-31 22:15:29 com_github_MitjaNemec_Archive3DModels.archive_3d_models 74:Can not find model defined with enviroment variable:
${KICAD6_3DMODEL_DIR}/Resistor_SMD.3dshapes/R_0402_1005Metric.wrl
05-31 22:15:29 com_github_MitjaNemec_Archive3DModels.archive_3d_models 135:Did not copy: ${KICAD6_3DMODEL_DIR}/Resistor_SMD.3dshapes/R_0402_1005Metric.wrl
05-31 22:15:29 com_github_MitjaNemec_Archive3DModels.archive_3d_models 139:Remapping: ${KICAD6_3DMODEL_DIR}/Resistor_SMD.3dshapes/R_0402_1005Metric.wrl
05-31 22:15:29 com_github_MitjaNemec_Archive3DModels.archive_3d_models 47:Getting 3D models for footprint of: C7
05-31 22:15:29 com_github_MitjaNemec_Archive3DModels.archive_3d_models 59:Trying to copy: ${KICAD6_3DMODEL_DIR}/Capacitor_SMD.3dshapes/C_0603_1608Metric.wrl
05-31 22:15:29 com_github_MitjaNemec_Archive3DModels.archive_3d_models 74:Can not find model defined with enviroment variable:
${KICAD6_3DMODEL_DIR}/Capacitor_SMD.3dshapes/C_0603_1608Metric.wrl
05-31 22:15:29 com_github_MitjaNemec_Archive3DModels.archive_3d_models 135:Did not copy: ${KICAD6_3DMODEL_DIR}/Capacitor_SMD.3dshapes/C_0603_1608Metric.wrl
05-31 22:15:29 com_github_MitjaNemec_Archive3DModels.archive_3d_models 139:Remapping: ${KICAD6_3DMODEL_DIR}/Capacitor_SMD.3dshapes/C_0603_1608Metric.wrl
05-31 22:15:29 com_github_MitjaNemec_Archive3DModels.archive_3d_models 47:Getting 3D models for footprint of: H2
05-31 22:15:29 com_github_MitjaNemec_Archive3DModels.archive_3d_models 47:Getting 3D models for footprint of: D6
05-31 22:15:29 com_github_MitjaNemec_Archive3DModels.archive_3d_models 59:Trying to copy: /media/finn/08E85744E8572F66/Users/Finn/Desktop/Design Projects/Component_3D/PUSB3FS4Z.stp
05-31 22:15:29 com_github_MitjaNemec_Archive3DModels.archive_3d_models 139:Remapping: /media/finn/08E85744E8572F66/Users/Finn/Desktop/Design Projects/Component_3D/PUSB3FS4Z.stp
05-31 22:15:29 com_github_MitjaNemec_Archive3DModels.archive_3d_models 47:Getting 3D models for footprint of: C8
05-31 22:15:29 com_github_MitjaNemec_Archive3DModels.archive_3d_models 59:Trying to copy: ${KICAD6_3DMODEL_DIR}/Capacitor_SMD.3dshapes/C_0402_1005Metric.wrl
05-31 22:15:29 com_github_MitjaNemec_Archive3DModels.archive_3d_models 74:Can not find model defined with enviroment variable:
${KICAD6_3DMODEL_DIR}/Capacitor_SMD.3dshapes/C_0402_1005Metric.wrl
05-31 22:15:29 com_github_MitjaNemec_Archive3DModels.archive_3d_models 135:Did not copy: ${KICAD6_3DMODEL_DIR}/Capacitor_SMD.3dshapes/C_0402_1005Metric.wrl
05-31 22:15:29 com_github_MitjaNemec_Archive3DModels.archive_3d_models 139:Remapping: ${KICAD6_3DMODEL_DIR}/Capacitor_SMD.3dshapes/C_0402_1005Metric.wrl
05-31 22:15:29 com_github_MitjaNemec_Archive3DModels.archive_3d_models 47:Getting 3D models for footprint of: R7
05-31 22:15:29 com_github_MitjaNemec_Archive3DModels.archive_3d_models 59:Trying to copy: ${KIPRJMOD}/packages3D/R_0805_2012Metric.wrl
05-31 22:15:29 com_github_MitjaNemec_Archive3DModels.archive_3d_models 139:Remapping: ${KIPRJMOD}/packages3D/R_0805_2012Metric.wrl
05-31 22:15:29 com_github_MitjaNemec_Archive3DModels.archive_3d_models 47:Getting 3D models for footprint of: C11
05-31 22:15:29 com_github_MitjaNemec_Archive3DModels.archive_3d_models 59:Trying to copy: ${KICAD6_3DMODEL_DIR}/Capacitor_SMD.3dshapes/C_0402_1005Metric.wrl
05-31 22:15:29 com_github_MitjaNemec_Archive3DModels.archive_3d_models 74:Can not find model defined with enviroment variable:
${KICAD6_3DMODEL_DIR}/Capacitor_SMD.3dshapes/C_0402_1005Metric.wrl
05-31 22:15:29 com_github_MitjaNemec_Archive3DModels.archive_3d_models 135:Did not copy: ${KICAD6_3DMODEL_DIR}/Capacitor_SMD.3dshapes/C_0402_1005Metric.wrl
05-31 22:15:29 com_github_MitjaNemec_Archive3DModels.archive_3d_models 139:Remapping: ${KICAD6_3DMODEL_DIR}/Capacitor_SMD.3dshapes/C_0402_1005Metric.wrl
05-31 22:15:29 com_github_MitjaNemec_Archive3DModels.archive_3d_models 47:Getting 3D models for footprint of: C21
05-31 22:15:29 com_github_MitjaNemec_Archive3DModels.archive_3d_models 59:Trying to copy: ${KICAD6_3DMODEL_DIR}/Capacitor_SMD.3dshapes/C_0805_2012Metric.wrl
05-31 22:15:29 com_github_MitjaNemec_Archive3DModels.archive_3d_models 74:Can not find model defined with enviroment variable:
${KICAD6_3DMODEL_DIR}/Capacitor_SMD.3dshapes/C_0805_2012Metric.wrl
05-31 22:15:29 com_github_MitjaNemec_Archive3DModels.archive_3d_models 135:Did not copy: ${KICAD6_3DMODEL_DIR}/Capacitor_SMD.3dshapes/C_0805_2012Metric.wrl
05-31 22:15:29 com_github_MitjaNemec_Archive3DModels.archive_3d_models 139:Remapping: ${KICAD6_3DMODEL_DIR}/Capacitor_SMD.3dshapes/C_0805_2012Metric.wrl
05-31 22:15:29 com_github_MitjaNemec_Archive3DModels.archive_3d_models 47:Getting 3D models for footprint of: FBr1
05-31 22:15:29 com_github_MitjaNemec_Archive3DModels.archive_3d_models 59:Trying to copy: ${KIPRJMOD}/packages3D/C_0805_2012Metric.wrl
05-31 22:15:29 com_github_MitjaNemec_Archive3DModels.archive_3d_models 139:Remapping: ${KIPRJMOD}/packages3D/C_0805_2012Metric.wrl
05-31 22:15:29 com_github_MitjaNemec_Archive3DModels.archive_3d_models 47:Getting 3D models for footprint of: C26
05-31 22:15:29 com_github_MitjaNemec_Archive3DModels.archive_3d_models 59:Trying to copy: ${KICAD6_3DMODEL_DIR}/Capacitor_SMD.3dshapes/C_0603_1608Metric.wrl
05-31 22:15:29 com_github_MitjaNemec_Archive3DModels.archive_3d_models 74:Can not find model defined with enviroment variable:
${KICAD6_3DMODEL_DIR}/Capacitor_SMD.3dshapes/C_0603_1608Metric.wrl
05-31 22:15:29 com_github_MitjaNemec_Archive3DModels.archive_3d_models 135:Did not copy: ${KICAD6_3DMODEL_DIR}/Capacitor_SMD.3dshapes/C_0603_1608Metric.wrl
05-31 22:15:29 com_github_MitjaNemec_Archive3DModels.archive_3d_models 139:Remapping: ${KICAD6_3DMODEL_DIR}/Capacitor_SMD.3dshapes/C_0603_1608Metric.wrl
05-31 22:15:29 com_github_MitjaNemec_Archive3DModels.archive_3d_models 47:Getting 3D models for footprint of: C9
05-31 22:15:29 com_github_MitjaNemec_Archive3DModels.archive_3d_models 59:Trying to copy: ${KICAD6_3DMODEL_DIR}/Capacitor_SMD.3dshapes/C_0402_1005Metric.wrl
05-31 22:15:29 com_github_MitjaNemec_Archive3DModels.archive_3d_models 74:Can not find model defined with enviroment variable:
${KICAD6_3DMODEL_DIR}/Capacitor_SMD.3dshapes/C_0402_1005Metric.wrl
05-31 22:15:29 com_github_MitjaNemec_Archive3DModels.archive_3d_models 135:Did not copy: ${KICAD6_3DMODEL_DIR}/Capacitor_SMD.3dshapes/C_0402_1005Metric.wrl
05-31 22:15:29 com_github_MitjaNemec_Archive3DModels.archive_3d_models 139:Remapping: ${KICAD6_3DMODEL_DIR}/Capacitor_SMD.3dshapes/C_0402_1005Metric.wrl
05-31 22:15:29 com_github_MitjaNemec_Archive3DModels.archive_3d_models 47:Getting 3D models for footprint of: C13
05-31 22:15:29 com_github_MitjaNemec_Archive3DModels.archive_3d_models 59:Trying to copy: ${KICAD6_3DMODEL_DIR}/Capacitor_SMD.3dshapes/C_0402_1005Metric.wrl
05-31 22:15:29 com_github_MitjaNemec_Archive3DModels.archive_3d_models 74:Can not find model defined with enviroment variable:
${KICAD6_3DMODEL_DIR}/Capacitor_SMD.3dshapes/C_0402_1005Metric.wrl
05-31 22:15:29 com_github_MitjaNemec_Archive3DModels.archive_3d_models 135:Did not copy: ${KICAD6_3DMODEL_DIR}/Capacitor_SMD.3dshapes/C_0402_1005Metric.wrl
05-31 22:15:29 com_github_MitjaNemec_Archive3DModels.archive_3d_models 139:Remapping: ${KICAD6_3DMODEL_DIR}/Capacitor_SMD.3dshapes/C_0402_1005Metric.wrl
05-31 22:15:29 com_github_MitjaNemec_Archive3DModels.archive_3d_models 47:Getting 3D models for footprint of: C5
05-31 22:15:29 com_github_MitjaNemec_Archive3DModels.archive_3d_models 59:Trying to copy: ${KICAD6_3DMODEL_DIR}/Capacitor_SMD.3dshapes/C_0603_1608Metric.wrl
05-31 22:15:29 com_github_MitjaNemec_Archive3DModels.archive_3d_models 74:Can not find model defined with enviroment variable:
${KICAD6_3DMODEL_DIR}/Capacitor_SMD.3dshapes/C_0603_1608Metric.wrl
05-31 22:15:29 com_github_MitjaNemec_Archive3DModels.archive_3d_models 135:Did not copy: ${KICAD6_3DMODEL_DIR}/Capacitor_SMD.3dshapes/C_0603_1608Metric.wrl
05-31 22:15:29 com_github_MitjaNemec_Archive3DModels.archive_3d_models 139:Remapping: ${KICAD6_3DMODEL_DIR}/Capacitor_SMD.3dshapes/C_0603_1608Metric.wrl
05-31 22:15:29 com_github_MitjaNemec_Archive3DModels.archive_3d_models 47:Getting 3D models for footprint of: TP5
05-31 22:15:29 com_github_MitjaNemec_Archive3DModels.archive_3d_models 47:Getting 3D models for footprint of: C23
05-31 22:15:29 com_github_MitjaNemec_Archive3DModels.archive_3d_models 59:Trying to copy: ${KICAD6_3DMODEL_DIR}/Capacitor_SMD.3dshapes/C_0402_1005Metric.wrl
05-31 22:15:29 com_github_MitjaNemec_Archive3DModels.archive_3d_models 74:Can not find model defined with enviroment variable:
${KICAD6_3DMODEL_DIR}/Capacitor_SMD.3dshapes/C_0402_1005Metric.wrl
05-31 22:15:29 com_github_MitjaNemec_Archive3DModels.archive_3d_models 135:Did not copy: ${KICAD6_3DMODEL_DIR}/Capacitor_SMD.3dshapes/C_0402_1005Metric.wrl
05-31 22:15:29 com_github_MitjaNemec_Archive3DModels.archive_3d_models 139:Remapping: ${KICAD6_3DMODEL_DIR}/Capacitor_SMD.3dshapes/C_0402_1005Metric.wrl
05-31 22:15:29 com_github_MitjaNemec_Archive3DModels.archive_3d_models 47:Getting 3D models for footprint of: SW2
05-31 22:15:29 com_github_MitjaNemec_Archive3DModels.archive_3d_models 59:Trying to copy: ${KICAD6_3DMODEL_DIR}/Connector_PinHeader_2.00mm.3dshapes/PinHeader_1x02_P2.00mm_Vertical.wrl
05-31 22:15:29 com_github_MitjaNemec_Archive3DModels.archive_3d_models 74:Can not find model defined with enviroment variable:
${KICAD6_3DMODEL_DIR}/Connector_PinHeader_2.00mm.3dshapes/PinHeader_1x02_P2.00mm_Vertical.wrl
05-31 22:15:29 com_github_MitjaNemec_Archive3DModels.archive_3d_models 135:Did not copy: ${KICAD6_3DMODEL_DIR}/Connector_PinHeader_2.00mm.3dshapes/PinHeader_1x02_P2.00mm_Vertical.wrl
05-31 22:15:29 com_github_MitjaNemec_Archive3DModels.archive_3d_models 139:Remapping: ${KICAD6_3DMODEL_DIR}/Connector_PinHeader_2.00mm.3dshapes/PinHeader_1x02_P2.00mm_Vertical.wrl
05-31 22:15:29 com_github_MitjaNemec_Archive3DModels.archive_3d_models 47:Getting 3D models for footprint of: J1
05-31 22:15:29 com_github_MitjaNemec_Archive3DModels.archive_3d_models 59:Trying to copy: ${KICAD6_3DMODEL_DIR}/Button_Switch_SMD.3dshapes/SW_SPST_TL3342.wrl
05-31 22:15:29 com_github_MitjaNemec_Archive3DModels.archive_3d_models 74:Can not find model defined with enviroment variable:
${KICAD6_3DMODEL_DIR}/Button_Switch_SMD.3dshapes/SW_SPST_TL3342.wrl
05-31 22:15:29 com_github_MitjaNemec_Archive3DModels.archive_3d_models 135:Did not copy: ${KICAD6_3DMODEL_DIR}/Button_Switch_SMD.3dshapes/SW_SPST_TL3342.wrl
05-31 22:15:29 com_github_MitjaNemec_Archive3DModels.archive_3d_models 139:Remapping: ${KICAD6_3DMODEL_DIR}/Button_Switch_SMD.3dshapes/SW_SPST_TL3342.wrl
05-31 22:15:29 com_github_MitjaNemec_Archive3DModels.archive_3d_models 47:Getting 3D models for footprint of: C12
05-31 22:15:29 com_github_MitjaNemec_Archive3DModels.archive_3d_models 59:Trying to copy: ${KICAD6_3DMODEL_DIR}/Capacitor_SMD.3dshapes/C_0402_1005Metric.wrl
05-31 22:15:29 com_github_MitjaNemec_Archive3DModels.archive_3d_models 74:Can not find model defined with enviroment variable:
${KICAD6_3DMODEL_DIR}/Capacitor_SMD.3dshapes/C_0402_1005Metric.wrl
05-31 22:15:29 com_github_MitjaNemec_Archive3DModels.archive_3d_models 135:Did not copy: ${KICAD6_3DMODEL_DIR}/Capacitor_SMD.3dshapes/C_0402_1005Metric.wrl
05-31 22:15:29 com_github_MitjaNemec_Archive3DModels.archive_3d_models 139:Remapping: ${KICAD6_3DMODEL_DIR}/Capacitor_SMD.3dshapes/C_0402_1005Metric.wrl
05-31 22:15:29 com_github_MitjaNemec_Archive3DModels.archive_3d_models 47:Getting 3D models for footprint of: J4
05-31 22:15:29 com_github_MitjaNemec_Archive3DModels.archive_3d_models 59:Trying to copy: ${KICAD7_3DMODEL_DIR}/Connector_Molex.3dshapes/Molex_Pico-EZmate_78171-0002_1x02.stp
05-31 22:15:29 com_github_MitjaNemec_Archive3DModels.archive_3d_models 74:Can not find model defined with enviroment variable:
${KICAD7_3DMODEL_DIR}/Connector_Molex.3dshapes/Molex_Pico-EZmate_78171-0002_1x02.stp
05-31 22:15:29 com_github_MitjaNemec_Archive3DModels.archive_3d_models 135:Did not copy: ${KICAD7_3DMODEL_DIR}/Connector_Molex.3dshapes/Molex_Pico-EZmate_78171-0002_1x02.stp
05-31 22:15:29 com_github_MitjaNemec_Archive3DModels.archive_3d_models 139:Remapping: ${KICAD7_3DMODEL_DIR}/Connector_Molex.3dshapes/Molex_Pico-EZmate_78171-0002_1x02.stp
05-31 22:15:29 com_github_MitjaNemec_Archive3DModels.archive_3d_models 59:Trying to copy: ${KICAD6_3DMODEL_DIR}/Connector_Molex.3dshapes/Molex_Pico-EZmate_78171-0002_1x02-1MP_P1.20mm_Vertical.wrl
05-31 22:15:29 com_github_MitjaNemec_Archive3DModels.archive_3d_models 74:Can not find model defined with enviroment variable:
${KICAD6_3DMODEL_DIR}/Connector_Molex.3dshapes/Molex_Pico-EZmate_78171-0002_1x02-1MP_P1.20mm_Vertical.wrl
05-31 22:15:29 com_github_MitjaNemec_Archive3DModels.archive_3d_models 135:Did not copy: ${KICAD6_3DMODEL_DIR}/Connector_Molex.3dshapes/Molex_Pico-EZmate_78171-0002_1x02-1MP_P1.20mm_Vertical.wrl
05-31 22:15:29 com_github_MitjaNemec_Archive3DModels.archive_3d_models 139:Remapping: ${KICAD6_3DMODEL_DIR}/Connector_Molex.3dshapes/Molex_Pico-EZmate_78171-0002_1x02-1MP_P1.20mm_Vertical.wrl
05-31 22:15:29 com_github_MitjaNemec_Archive3DModels.archive_3d_models 47:Getting 3D models for footprint of: R5
05-31 22:15:29 com_github_MitjaNemec_Archive3DModels.archive_3d_models 59:Trying to copy: ${KICAD6_3DMODEL_DIR}/Resistor_SMD.3dshapes/R_0402_1005Metric.wrl
05-31 22:15:29 com_github_MitjaNemec_Archive3DModels.archive_3d_models 74:Can not find model defined with enviroment variable:
${KICAD6_3DMODEL_DIR}/Resistor_SMD.3dshapes/R_0402_1005Metric.wrl
05-31 22:15:29 com_github_MitjaNemec_Archive3DModels.archive_3d_models 135:Did not copy: ${KICAD6_3DMODEL_DIR}/Resistor_SMD.3dshapes/R_0402_1005Metric.wrl
05-31 22:15:29 com_github_MitjaNemec_Archive3DModels.archive_3d_models 139:Remapping: ${KICAD6_3DMODEL_DIR}/Resistor_SMD.3dshapes/R_0402_1005Metric.wrl
05-31 22:15:29 com_github_MitjaNemec_Archive3DModels.archive_3d_models 47:Getting 3D models for footprint of: D4
05-31 22:15:29 com_github_MitjaNemec_Archive3DModels.archive_3d_models 59:Trying to copy: ${KICAD6_3DMODEL_DIR}/Diode_SMD.3dshapes/D_SOD-323F.wrl
05-31 22:15:29 com_github_MitjaNemec_Archive3DModels.archive_3d_models 74:Can not find model defined with enviroment variable:
${KICAD6_3DMODEL_DIR}/Diode_SMD.3dshapes/D_SOD-323F.wrl
05-31 22:15:29 com_github_MitjaNemec_Archive3DModels.archive_3d_models 135:Did not copy: ${KICAD6_3DMODEL_DIR}/Diode_SMD.3dshapes/D_SOD-323F.wrl
05-31 22:15:29 com_github_MitjaNemec_Archive3DModels.archive_3d_models 139:Remapping: ${KICAD6_3DMODEL_DIR}/Diode_SMD.3dshapes/D_SOD-323F.wrl
05-31 22:15:29 com_github_MitjaNemec_Archive3DModels.archive_3d_models 47:Getting 3D models for footprint of: C20
05-31 22:15:29 com_github_MitjaNemec_Archive3DModels.archive_3d_models 59:Trying to copy: ${KICAD6_3DMODEL_DIR}/Capacitor_SMD.3dshapes/C_0805_2012Metric.wrl
05-31 22:15:29 com_github_MitjaNemec_Archive3DModels.archive_3d_models 74:Can not find model defined with enviroment variable:
${KICAD6_3DMODEL_DIR}/Capacitor_SMD.3dshapes/C_0805_2012Metric.wrl
05-31 22:15:29 com_github_MitjaNemec_Archive3DModels.archive_3d_models 135:Did not copy: ${KICAD6_3DMODEL_DIR}/Capacitor_SMD.3dshapes/C_0805_2012Metric.wrl
05-31 22:15:29 com_github_MitjaNemec_Archive3DModels.archive_3d_models 139:Remapping: ${KICAD6_3DMODEL_DIR}/Capacitor_SMD.3dshapes/C_0805_2012Metric.wrl
05-31 22:15:29 com_github_MitjaNemec_Archive3DModels.archive_3d_models 47:Getting 3D models for footprint of: C19
05-31 22:15:29 com_github_MitjaNemec_Archive3DModels.archive_3d_models 59:Trying to copy: ${KICAD6_3DMODEL_DIR}/Capacitor_SMD.3dshapes/C_0402_1005Metric.wrl
05-31 22:15:29 com_github_MitjaNemec_Archive3DModels.archive_3d_models 74:Can not find model defined with enviroment variable:
${KICAD6_3DMODEL_DIR}/Capacitor_SMD.3dshapes/C_0402_1005Metric.wrl
05-31 22:15:29 com_github_MitjaNemec_Archive3DModels.archive_3d_models 135:Did not copy: ${KICAD6_3DMODEL_DIR}/Capacitor_SMD.3dshapes/C_0402_1005Metric.wrl
05-31 22:15:29 com_github_MitjaNemec_Archive3DModels.archive_3d_models 139:Remapping: ${KICAD6_3DMODEL_DIR}/Capacitor_SMD.3dshapes/C_0402_1005Metric.wrl
05-31 22:15:29 com_github_MitjaNemec_Archive3DModels.archive_3d_models 47:Getting 3D models for footprint of: Y2
05-31 22:15:29 com_github_MitjaNemec_Archive3DModels.archive_3d_models 59:Trying to copy: :KICAD8_3DMODEL_DIR:Personalised.3dshapes/CSTNE12M0G520000R0.step
05-31 22:15:29 com_github_MitjaNemec_Archive3DModels.archive_3d_models 97:Ambiguous path for the model: :KICAD8_3DMODEL_DIR:Personalised.3dshapes/CSTNE12M0G520000R0.step
05-31 22:15:29 com_github_MitjaNemec_Archive3DModels.archive_3d_models 114:Can not find model defined with: :KICAD8_3DMODEL_DIR:Personalised.3dshapes/CSTNE12M0G520000R0.step
05-31 22:15:29 com_github_MitjaNemec_Archive3DModels.archive_3d_models 135:Did not copy: :KICAD8_3DMODEL_DIR:Personalised.3dshapes/CSTNE12M0G520000R0.step
05-31 22:15:29 com_github_MitjaNemec_Archive3DModels.archive_3d_models 139:Remapping: :KICAD8_3DMODEL_DIR:Personalised.3dshapes/CSTNE12M0G520000R0.step
05-31 22:15:29 com_github_MitjaNemec_Archive3DModels.archive_3d_models 47:Getting 3D models for footprint of: C10
05-31 22:15:29 com_github_MitjaNemec_Archive3DModels.archive_3d_models 59:Trying to copy: ${KICAD6_3DMODEL_DIR}/Capacitor_SMD.3dshapes/C_0402_1005Metric.wrl
05-31 22:15:29 com_github_MitjaNemec_Archive3DModels.archive_3d_models 74:Can not find model defined with enviroment variable:
${KICAD6_3DMODEL_DIR}/Capacitor_SMD.3dshapes/C_0402_1005Metric.wrl
05-31 22:15:29 com_github_MitjaNemec_Archive3DModels.archive_3d_models 135:Did not copy: ${KICAD6_3DMODEL_DIR}/Capacitor_SMD.3dshapes/C_0402_1005Metric.wrl
05-31 22:15:29 com_github_MitjaNemec_Archive3DModels.archive_3d_models 139:Remapping: ${KICAD6_3DMODEL_DIR}/Capacitor_SMD.3dshapes/C_0402_1005Metric.wrl
05-31 22:15:29 com_github_MitjaNemec_Archive3DModels.archive_3d_models 47:Getting 3D models for footprint of: C22
05-31 22:15:29 com_github_MitjaNemec_Archive3DModels.archive_3d_models 59:Trying to copy: ${KIPRJMOD}/packages3D/C_0805_2012Metric.wrl
05-31 22:15:29 com_github_MitjaNemec_Archive3DModels.archive_3d_models 139:Remapping: ${KIPRJMOD}/packages3D/C_0805_2012Metric.wrl
05-31 22:15:29 com_github_MitjaNemec_Archive3DModels.archive_3d_models 47:Getting 3D models for footprint of: R15
05-31 22:15:29 com_github_MitjaNemec_Archive3DModels.archive_3d_models 59:Trying to copy: ${KICAD6_3DMODEL_DIR}/Resistor_SMD.3dshapes/R_0603_1608Metric.wrl
05-31 22:15:29 com_github_MitjaNemec_Archive3DModels.archive_3d_models 74:Can not find model defined with enviroment variable:
${KICAD6_3DMODEL_DIR}/Resistor_SMD.3dshapes/R_0603_1608Metric.wrl
05-31 22:15:29 com_github_MitjaNemec_Archive3DModels.archive_3d_models 135:Did not copy: ${KICAD6_3DMODEL_DIR}/Resistor_SMD.3dshapes/R_0603_1608Metric.wrl
05-31 22:15:29 com_github_MitjaNemec_Archive3DModels.archive_3d_models 139:Remapping: ${KICAD6_3DMODEL_DIR}/Resistor_SMD.3dshapes/R_0603_1608Metric.wrl
05-31 22:15:29 com_github_MitjaNemec_Archive3DModels.archive_3d_models 47:Getting 3D models for footprint of: R6
05-31 22:15:29 com_github_MitjaNemec_Archive3DModels.archive_3d_models 59:Trying to copy: ${KICAD6_3DMODEL_DIR}/Resistor_SMD.3dshapes/R_0402_1005Metric.wrl
05-31 22:15:29 com_github_MitjaNemec_Archive3DModels.archive_3d_models 74:Can not find model defined with enviroment variable:
${KICAD6_3DMODEL_DIR}/Resistor_SMD.3dshapes/R_0402_1005Metric.wrl
05-31 22:15:29 com_github_MitjaNemec_Archive3DModels.archive_3d_models 135:Did not copy: ${KICAD6_3DMODEL_DIR}/Resistor_SMD.3dshapes/R_0402_1005Metric.wrl
05-31 22:15:29 com_github_MitjaNemec_Archive3DModels.archive_3d_models 139:Remapping: ${KICAD6_3DMODEL_DIR}/Resistor_SMD.3dshapes/R_0402_1005Metric.wrl
05-31 22:15:29 com_github_MitjaNemec_Archive3DModels.archive_3d_models 47:Getting 3D models for footprint of: R19
05-31 22:15:29 com_github_MitjaNemec_Archive3DModels.archive_3d_models 59:Trying to copy: ${KICAD6_3DMODEL_DIR}/Resistor_SMD.3dshapes/R_0603_1608Metric.wrl
05-31 22:15:29 com_github_MitjaNemec_Archive3DModels.archive_3d_models 74:Can not find model defined with enviroment variable:
${KICAD6_3DMODEL_DIR}/Resistor_SMD.3dshapes/R_0603_1608Metric.wrl
05-31 22:15:29 com_github_MitjaNemec_Archive3DModels.archive_3d_models 135:Did not copy: ${KICAD6_3DMODEL_DIR}/Resistor_SMD.3dshapes/R_0603_1608Metric.wrl
05-31 22:15:29 com_github_MitjaNemec_Archive3DModels.archive_3d_models 139:Remapping: ${KICAD6_3DMODEL_DIR}/Resistor_SMD.3dshapes/R_0603_1608Metric.wrl
05-31 22:15:29 com_github_MitjaNemec_Archive3DModels.archive_3d_models 47:Getting 3D models for footprint of: R3
05-31 22:15:29 com_github_MitjaNemec_Archive3DModels.archive_3d_models 59:Trying to copy: ${KICAD6_3DMODEL_DIR}/Resistor_SMD.3dshapes/R_0402_1005Metric.wrl
05-31 22:15:29 com_github_MitjaNemec_Archive3DModels.archive_3d_models 74:Can not find model defined with enviroment variable:
${KICAD6_3DMODEL_DIR}/Resistor_SMD.3dshapes/R_0402_1005Metric.wrl
05-31 22:15:29 com_github_MitjaNemec_Archive3DModels.archive_3d_models 135:Did not copy: ${KICAD6_3DMODEL_DIR}/Resistor_SMD.3dshapes/R_0402_1005Metric.wrl
05-31 22:15:29 com_github_MitjaNemec_Archive3DModels.archive_3d_models 139:Remapping: ${KICAD6_3DMODEL_DIR}/Resistor_SMD.3dshapes/R_0402_1005Metric.wrl
05-31 22:15:29 com_github_MitjaNemec_Archive3DModels.archive_3d_models 47:Getting 3D models for footprint of: C2
05-31 22:15:29 com_github_MitjaNemec_Archive3DModels.archive_3d_models 59:Trying to copy: ${KIPRJMOD}/packages3D/C_0805_2012Metric.wrl
05-31 22:15:29 com_github_MitjaNemec_Archive3DModels.archive_3d_models 139:Remapping: ${KIPRJMOD}/packages3D/C_0805_2012Metric.wrl
05-31 22:15:29 com_github_MitjaNemec_Archive3DModels.archive_3d_models 47:Getting 3D models for footprint of: D5
05-31 22:15:29 com_github_MitjaNemec_Archive3DModels.archive_3d_models 59:Trying to copy: ${KICAD6_3DMODEL_DIR}/Diode_SMD.3dshapes/D_SMB.wrl
05-31 22:15:29 com_github_MitjaNemec_Archive3DModels.archive_3d_models 74:Can not find model defined with enviroment variable:
${KICAD6_3DMODEL_DIR}/Diode_SMD.3dshapes/D_SMB.wrl
05-31 22:15:29 com_github_MitjaNemec_Archive3DModels.archive_3d_models 135:Did not copy: ${KICAD6_3DMODEL_DIR}/Diode_SMD.3dshapes/D_SMB.wrl
05-31 22:15:29 com_github_MitjaNemec_Archive3DModels.archive_3d_models 139:Remapping: ${KICAD6_3DMODEL_DIR}/Diode_SMD.3dshapes/D_SMB.wrl
05-31 22:15:29 com_github_MitjaNemec_Archive3DModels.archive_3d_models 47:Getting 3D models for footprint of: TP1
05-31 22:15:29 com_github_MitjaNemec_Archive3DModels.archive_3d_models 59:Trying to copy: C:/Users/Finn/Desktop/Design Projects/Component_3D/Keystone - 5000.step
05-31 22:15:29 com_github_MitjaNemec_Archive3DModels.archive_3d_models 97:Ambiguous path for the model: C:/Users/Finn/Desktop/Design Projects/Component_3D/Keystone - 5000.step
05-31 22:15:29 com_github_MitjaNemec_Archive3DModels.archive_3d_models 114:Can not find model defined with: C:/Users/Finn/Desktop/Design Projects/Component_3D/Keystone - 5000.step
05-31 22:15:29 com_github_MitjaNemec_Archive3DModels.archive_3d_models 135:Did not copy: C:/Users/Finn/Desktop/Design Projects/Component_3D/Keystone - 5000.step
05-31 22:15:29 com_github_MitjaNemec_Archive3DModels.archive_3d_models 139:Remapping: C:/Users/Finn/Desktop/Design Projects/Component_3D/Keystone - 5000.step
05-31 22:15:29 com_github_MitjaNemec_Archive3DModels.archive_3d_models 47:Getting 3D models for footprint of: TP7
05-31 22:15:29 com_github_MitjaNemec_Archive3DModels.archive_3d_models 47:Getting 3D models for footprint of: C24
05-31 22:15:29 com_github_MitjaNemec_Archive3DModels.archive_3d_models 59:Trying to copy: ${KICAD6_3DMODEL_DIR}/Capacitor_SMD.3dshapes/C_0402_1005Metric.wrl
05-31 22:15:29 com_github_MitjaNemec_Archive3DModels.archive_3d_models 74:Can not find model defined with enviroment variable:
${KICAD6_3DMODEL_DIR}/Capacitor_SMD.3dshapes/C_0402_1005Metric.wrl
05-31 22:15:29 com_github_MitjaNemec_Archive3DModels.archive_3d_models 135:Did not copy: ${KICAD6_3DMODEL_DIR}/Capacitor_SMD.3dshapes/C_0402_1005Metric.wrl
05-31 22:15:29 com_github_MitjaNemec_Archive3DModels.archive_3d_models 139:Remapping: ${KICAD6_3DMODEL_DIR}/Capacitor_SMD.3dshapes/C_0402_1005Metric.wrl
05-31 22:15:29 com_github_MitjaNemec_Archive3DModels.archive_3d_models 47:Getting 3D models for footprint of: R12
05-31 22:15:29 com_github_MitjaNemec_Archive3DModels.archive_3d_models 59:Trying to copy: ${KICAD6_3DMODEL_DIR}/Resistor_SMD.3dshapes/R_0402_1005Metric.wrl
05-31 22:15:29 com_github_MitjaNemec_Archive3DModels.archive_3d_models 74:Can not find model defined with enviroment variable:
${KICAD6_3DMODEL_DIR}/Resistor_SMD.3dshapes/R_0402_1005Metric.wrl
05-31 22:15:29 com_github_MitjaNemec_Archive3DModels.archive_3d_models 135:Did not copy: ${KICAD6_3DMODEL_DIR}/Resistor_SMD.3dshapes/R_0402_1005Metric.wrl
05-31 22:15:29 com_github_MitjaNemec_Archive3DModels.archive_3d_models 139:Remapping: ${KICAD6_3DMODEL_DIR}/Resistor_SMD.3dshapes/R_0402_1005Metric.wrl
05-31 22:15:29 com_github_MitjaNemec_Archive3DModels.archive_3d_models 47:Getting 3D models for footprint of: R8
05-31 22:15:29 com_github_MitjaNemec_Archive3DModels.archive_3d_models 59:Trying to copy: ${KICAD6_3DMODEL_DIR}/Resistor_SMD.3dshapes/R_0402_1005Metric.wrl
05-31 22:15:29 com_github_MitjaNemec_Archive3DModels.archive_3d_models 74:Can not find model defined with enviroment variable:
${KICAD6_3DMODEL_DIR}/Resistor_SMD.3dshapes/R_0402_1005Metric.wrl
05-31 22:15:29 com_github_MitjaNemec_Archive3DModels.archive_3d_models 135:Did not copy: ${KICAD6_3DMODEL_DIR}/Resistor_SMD.3dshapes/R_0402_1005Metric.wrl
05-31 22:15:29 com_github_MitjaNemec_Archive3DModels.archive_3d_models 139:Remapping: ${KICAD6_3DMODEL_DIR}/Resistor_SMD.3dshapes/R_0402_1005Metric.wrl
05-31 22:15:29 com_github_MitjaNemec_Archive3DModels.archive_3d_models 47:Getting 3D models for footprint of: C3
05-31 22:15:29 com_github_MitjaNemec_Archive3DModels.archive_3d_models 59:Trying to copy: ${KICAD6_3DMODEL_DIR}/Capacitor_SMD.3dshapes/C_0805_2012Metric.wrl
05-31 22:15:29 com_github_MitjaNemec_Archive3DModels.archive_3d_models 74:Can not find model defined with enviroment variable:
${KICAD6_3DMODEL_DIR}/Capacitor_SMD.3dshapes/C_0805_2012Metric.wrl
05-31 22:15:29 com_github_MitjaNemec_Archive3DModels.archive_3d_models 135:Did not copy: ${KICAD6_3DMODEL_DIR}/Capacitor_SMD.3dshapes/C_0805_2012Metric.wrl
05-31 22:15:29 com_github_MitjaNemec_Archive3DModels.archive_3d_models 139:Remapping: ${KICAD6_3DMODEL_DIR}/Capacitor_SMD.3dshapes/C_0805_2012Metric.wrl
05-31 22:15:29 com_github_MitjaNemec_Archive3DModels.archive_3d_models 47:Getting 3D models for footprint of: R17
05-31 22:15:29 com_github_MitjaNemec_Archive3DModels.archive_3d_models 59:Trying to copy: ${KICAD6_3DMODEL_DIR}/Resistor_SMD.3dshapes/R_0603_1608Metric.wrl
05-31 22:15:29 com_github_MitjaNemec_Archive3DModels.archive_3d_models 74:Can not find model defined with enviroment variable:
${KICAD6_3DMODEL_DIR}/Resistor_SMD.3dshapes/R_0603_1608Metric.wrl
05-31 22:15:29 com_github_MitjaNemec_Archive3DModels.archive_3d_models 135:Did not copy: ${KICAD6_3DMODEL_DIR}/Resistor_SMD.3dshapes/R_0603_1608Metric.wrl
05-31 22:15:29 com_github_MitjaNemec_Archive3DModels.archive_3d_models 139:Remapping: ${KICAD6_3DMODEL_DIR}/Resistor_SMD.3dshapes/R_0603_1608Metric.wrl
05-31 22:15:29 com_github_MitjaNemec_Archive3DModels.archive_3d_models 47:Getting 3D models for footprint of: R21
05-31 22:15:29 com_github_MitjaNemec_Archive3DModels.archive_3d_models 59:Trying to copy: ${KICAD6_3DMODEL_DIR}/Resistor_SMD.3dshapes/R_0603_1608Metric.wrl
05-31 22:15:29 com_github_MitjaNemec_Archive3DModels.archive_3d_models 74:Can not find model defined with enviroment variable:
${KICAD6_3DMODEL_DIR}/Resistor_SMD.3dshapes/R_0603_1608Metric.wrl
05-31 22:15:29 com_github_MitjaNemec_Archive3DModels.archive_3d_models 135:Did not copy: ${KICAD6_3DMODEL_DIR}/Resistor_SMD.3dshapes/R_0603_1608Metric.wrl
05-31 22:15:29 com_github_MitjaNemec_Archive3DModels.archive_3d_models 139:Remapping: ${KICAD6_3DMODEL_DIR}/Resistor_SMD.3dshapes/R_0603_1608Metric.wrl
05-31 22:15:29 com_github_MitjaNemec_Archive3DModels.archive_3d_models 47:Getting 3D models for footprint of: R18
05-31 22:15:29 com_github_MitjaNemec_Archive3DModels.archive_3d_models 59:Trying to copy: ${KICAD6_3DMODEL_DIR}/Resistor_SMD.3dshapes/R_0603_1608Metric.wrl
05-31 22:15:29 com_github_MitjaNemec_Archive3DModels.archive_3d_models 74:Can not find model defined with enviroment variable:
${KICAD6_3DMODEL_DIR}/Resistor_SMD.3dshapes/R_0603_1608Metric.wrl
05-31 22:15:29 com_github_MitjaNemec_Archive3DModels.archive_3d_models 135:Did not copy: ${KICAD6_3DMODEL_DIR}/Resistor_SMD.3dshapes/R_0603_1608Metric.wrl
05-31 22:15:29 com_github_MitjaNemec_Archive3DModels.archive_3d_models 139:Remapping: ${KICAD6_3DMODEL_DIR}/Resistor_SMD.3dshapes/R_0603_1608Metric.wrl
05-31 22:15:29 com_github_MitjaNemec_Archive3DModels.archive_3d_models 47:Getting 3D models for footprint of: J3
05-31 22:15:29 com_github_MitjaNemec_Archive3DModels.archive_3d_models 59:Trying to copy: ${KICAD6_3DMODEL_DIR}/Connector_PinSocket_2.54mm.3dshapes/PinSocket_1x03_P2.54mm_Vertical.wrl
05-31 22:15:29 com_github_MitjaNemec_Archive3DModels.archive_3d_models 74:Can not find model defined with enviroment variable:
${KICAD6_3DMODEL_DIR}/Connector_PinSocket_2.54mm.3dshapes/PinSocket_1x03_P2.54mm_Vertical.wrl
05-31 22:15:29 com_github_MitjaNemec_Archive3DModels.archive_3d_models 135:Did not copy: ${KICAD6_3DMODEL_DIR}/Connector_PinSocket_2.54mm.3dshapes/PinSocket_1x03_P2.54mm_Vertical.wrl
05-31 22:15:29 com_github_MitjaNemec_Archive3DModels.archive_3d_models 139:Remapping: ${KICAD6_3DMODEL_DIR}/Connector_PinSocket_2.54mm.3dshapes/PinSocket_1x03_P2.54mm_Vertical.wrl
05-31 22:15:29 com_github_MitjaNemec_Archive3DModels.archive_3d_models 47:Getting 3D models for footprint of: J5
05-31 22:15:29 com_github_MitjaNemec_Archive3DModels.archive_3d_models 59:Trying to copy: ${KICAD6_3DMODEL_DIR}/Connector_JST.3dshapes/JST_SH_BM03B-SRSS-TB_1x03-1MP_P1.00mm_Vertical.wrl
05-31 22:15:29 com_github_MitjaNemec_Archive3DModels.archive_3d_models 74:Can not find model defined with enviroment variable:
${KICAD6_3DMODEL_DIR}/Connector_JST.3dshapes/JST_SH_BM03B-SRSS-TB_1x03-1MP_P1.00mm_Vertical.wrl
05-31 22:15:29 com_github_MitjaNemec_Archive3DModels.archive_3d_models 135:Did not copy: ${KICAD6_3DMODEL_DIR}/Connector_JST.3dshapes/JST_SH_BM03B-SRSS-TB_1x03-1MP_P1.00mm_Vertical.wrl
05-31 22:15:29 com_github_MitjaNemec_Archive3DModels.archive_3d_models 139:Remapping: ${KICAD6_3DMODEL_DIR}/Connector_JST.3dshapes/JST_SH_BM03B-SRSS-TB_1x03-1MP_P1.00mm_Vertical.wrl
05-31 22:15:29 com_github_MitjaNemec_Archive3DModels.archive_3d_models 47:Getting 3D models for footprint of: D1
05-31 22:15:29 com_github_MitjaNemec_Archive3DModels.archive_3d_models 59:Trying to copy: :KICAD7_3DMODEL_DIR:Package_TO_SOT_SMD.3dshapes/SOT-23.wrl
05-31 22:15:29 com_github_MitjaNemec_Archive3DModels.archive_3d_models 97:Ambiguous path for the model: :KICAD7_3DMODEL_DIR:Package_TO_SOT_SMD.3dshapes/SOT-23.wrl
05-31 22:15:29 com_github_MitjaNemec_Archive3DModels.archive_3d_models 114:Can not find model defined with: :KICAD7_3DMODEL_DIR:Package_TO_SOT_SMD.3dshapes/SOT-23.wrl
05-31 22:15:29 com_github_MitjaNemec_Archive3DModels.archive_3d_models 135:Did not copy: :KICAD7_3DMODEL_DIR:Package_TO_SOT_SMD.3dshapes/SOT-23.wrl
05-31 22:15:29 com_github_MitjaNemec_Archive3DModels.archive_3d_models 139:Remapping: :KICAD7_3DMODEL_DIR:Package_TO_SOT_SMD.3dshapes/SOT-23.wrl
05-31 22:15:29 com_github_MitjaNemec_Archive3DModels.archive_3d_models 47:Getting 3D models for footprint of: R20
05-31 22:15:29 com_github_MitjaNemec_Archive3DModels.archive_3d_models 59:Trying to copy: ${KICAD6_3DMODEL_DIR}/Resistor_SMD.3dshapes/R_0603_1608Metric.wrl
05-31 22:15:29 com_github_MitjaNemec_Archive3DModels.archive_3d_models 74:Can not find model defined with enviroment variable:
${KICAD6_3DMODEL_DIR}/Resistor_SMD.3dshapes/R_0603_1608Metric.wrl
05-31 22:15:29 com_github_MitjaNemec_Archive3DModels.archive_3d_models 135:Did not copy: ${KICAD6_3DMODEL_DIR}/Resistor_SMD.3dshapes/R_0603_1608Metric.wrl
05-31 22:15:29 com_github_MitjaNemec_Archive3DModels.archive_3d_models 139:Remapping: ${KICAD6_3DMODEL_DIR}/Resistor_SMD.3dshapes/R_0603_1608Metric.wrl
05-31 22:15:29 com_github_MitjaNemec_Archive3DModels.archive_3d_models 153:Did not succeed to copy 3D models!
('C4', '${KICAD6_3DMODEL_DIR}/Capacitor_SMD.3dshapes/C_0603_1608Metric.wrl')
('TP4', 'C:/Users/Finn/Desktop/Design Projects/Component_3D/Keystone - 5000.step')
('R11', '${KICAD6_3DMODEL_DIR}/Resistor_SMD.3dshapes/R_0402_1005Metric.wrl')
('Q1', 'C:/Users/Finn/Desktop/Design Projects/Component_3D/SOT-23F.STEP')
('R9', '${KICAD6_3DMODEL_DIR}/Resistor_SMD.3dshapes/R_0402_1005Metric.wrl')
('TP6', 'C:/Users/Finn/Desktop/Design Projects/Component_3D/Keystone - 5000.step')
('R14', '${KICAD6_3DMODEL_DIR}/Resistor_SMD.3dshapes/R_0603_1608Metric.wrl')
('D2', '${KICAD6_3DMODEL_DIR}/LED_SMD.3dshapes/LED_0603_1608Metric.wrl')
('R10', '${KICAD6_3DMODEL_DIR}/Resistor_SMD.3dshapes/R_0402_1005Metric.wrl')
('D3', '${KICAD6_3DMODEL_DIR}/Diode_SMD.3dshapes/D_SOD-323F.wrl')
('TH1', '${KICAD6_3DMODEL_DIR}/Capacitor_SMD.3dshapes/C_0402_1005Metric.wrl')
('C18', '${KICAD6_3DMODEL_DIR}/Capacitor_SMD.3dshapes/C_0402_1005Metric.wrl')
('R16', '${KICAD6_3DMODEL_DIR}/Resistor_SMD.3dshapes/R_0603_1608Metric.wrl')
('R13', '${KICAD6_3DMODEL_DIR}/Resistor_SMD.3dshapes/R_0603_1608Metric.wrl')
('U3', '${KICAD6_3DMODEL_DIR}/Package_TO_SOT_SMD.3dshapes/SOT-23-5.wrl')
('C1', '${KICAD6_3DMODEL_DIR}/Capacitor_SMD.3dshapes/C_0805_2012Metric.wrl')
('U5', 'C:/Users/Finn/Desktop/Design Projects/Component_3D/RP2040-QFN-56.STEP')
('SW1', '${KICAD6_3DMODEL_DIR}/Button_Switch_THT.3dshapes/SW_Slide_1P2T_CK_OS102011MS2Q.wrl')
('C16', '${KICAD6_3DMODEL_DIR}/Capacitor_SMD.3dshapes/C_0402_1005Metric.wrl')
('C6', '${KICAD6_3DMODEL_DIR}/Capacitor_SMD.3dshapes/C_0805_2012Metric.wrl')
('J2', ':KICAD7_3DMODEL_DIR:Connector_Molex.3dshapes/Molex_Pico-EZmate_78171-0004.stp')
('C25', '${KICAD6_3DMODEL_DIR}/Capacitor_SMD.3dshapes/C_0603_1608Metric.wrl')
('C14', '${KICAD6_3DMODEL_DIR}/Capacitor_SMD.3dshapes/C_0402_1005Metric.wrl')
('J7', '${KICAD7_3DMODEL_DIR}/Connector_Molex.3dshapes/Molex_Pico-EZmate_78171-0002_1x02.stp')
('J7', '${KICAD6_3DMODEL_DIR}/Connector_Molex.3dshapes/Molex_Pico-EZmate_78171-0002_1x02-1MP_P1.20mm_Vertical.wrl')
('C17', '${KICAD6_3DMODEL_DIR}/Capacitor_SMD.3dshapes/C_0603_1608Metric.wrl')
('TP2', 'C:/Users/Finn/Desktop/Design Projects/Component_3D/Keystone - 5000.step')
('C15', '${KICAD6_3DMODEL_DIR}/Capacitor_SMD.3dshapes/C_0402_1005Metric.wrl')
('R4', '${KICAD6_3DMODEL_DIR}/Resistor_SMD.3dshapes/R_0402_1005Metric.wrl')
('C7', '${KICAD6_3DMODEL_DIR}/Capacitor_SMD.3dshapes/C_0603_1608Metric.wrl')
('C8', '${KICAD6_3DMODEL_DIR}/Capacitor_SMD.3dshapes/C_0402_1005Metric.wrl')
('C11', '${KICAD6_3DMODEL_DIR}/Capacitor_SMD.3dshapes/C_0402_1005Metric.wrl')
('C21', '${KICAD6_3DMODEL_DIR}/Capacitor_SMD.3dshapes/C_0805_2012Metric.wrl')
('C26', '${KICAD6_3DMODEL_DIR}/Capacitor_SMD.3dshapes/C_0603_1608Metric.wrl')
('C9', '${KICAD6_3DMODEL_DIR}/Capacitor_SMD.3dshapes/C_0402_1005Metric.wrl')
('C13', '${KICAD6_3DMODEL_DIR}/Capacitor_SMD.3dshapes/C_0402_1005Metric.wrl')
('C5', '${KICAD6_3DMODEL_DIR}/Capacitor_SMD.3dshapes/C_0603_1608Metric.wrl')
('C23', '${KICAD6_3DMODEL_DIR}/Capacitor_SMD.3dshapes/C_0402_1005Metric.wrl')
('SW2', '${KICAD6_3DMODEL_DIR}/Connector_PinHeader_2.00mm.3dshapes/PinHeader_1x02_P2.00mm_Vertical.wrl')
('J1', '${KICAD6_3DMODEL_DIR}/Button_Switch_SMD.3dshapes/SW_SPST_TL3342.wrl')
('C12', '${KICAD6_3DMODEL_DIR}/Capacitor_SMD.3dshapes/C_0402_1005Metric.wrl')
('J4', '${KICAD7_3DMODEL_DIR}/Connector_Molex.3dshapes/Molex_Pico-EZmate_78171-0002_1x02.stp')
('J4', '${KICAD6_3DMODEL_DIR}/Connector_Molex.3dshapes/Molex_Pico-EZmate_78171-0002_1x02-1MP_P1.20mm_Vertical.wrl')
('R5', '${KICAD6_3DMODEL_DIR}/Resistor_SMD.3dshapes/R_0402_1005Metric.wrl')
('D4', '${KICAD6_3DMODEL_DIR}/Diode_SMD.3dshapes/D_SOD-323F.wrl')
('C20', '${KICAD6_3DMODEL_DIR}/Capacitor_SMD.3dshapes/C_0805_2012Metric.wrl')
('C19', '${KICAD6_3DMODEL_DIR}/Capacitor_SMD.3dshapes/C_0402_1005Metric.wrl')
('Y2', ':KICAD8_3DMODEL_DIR:Personalised.3dshapes/CSTNE12M0G520000R0.step')
('C10', '${KICAD6_3DMODEL_DIR}/Capacitor_SMD.3dshapes/C_0402_1005Metric.wrl')
('R15', '${KICAD6_3DMODEL_DIR}/Resistor_SMD.3dshapes/R_0603_1608Metric.wrl')
('R6', '${KICAD6_3DMODEL_DIR}/Resistor_SMD.3dshapes/R_0402_1005Metric.wrl')
('R19', '${KICAD6_3DMODEL_DIR}/Resistor_SMD.3dshapes/R_0603_1608Metric.wrl')
('R3', '${KICAD6_3DMODEL_DIR}/Resistor_SMD.3dshapes/R_0402_1005Metric.wrl')
('D5', '${KICAD6_3DMODEL_DIR}/Diode_SMD.3dshapes/D_SMB.wrl')
('TP1', 'C:/Users/Finn/Desktop/Design Projects/Component_3D/Keystone - 5000.step')
('C24', '${KICAD6_3DMODEL_DIR}/Capacitor_SMD.3dshapes/C_0402_1005Metric.wrl')
('R12', '${KICAD6_3DMODEL_DIR}/Resistor_SMD.3dshapes/R_0402_1005Metric.wrl')
('R8', '${KICAD6_3DMODEL_DIR}/Resistor_SMD.3dshapes/R_0402_1005Metric.wrl')
('C3', '${KICAD6_3DMODEL_DIR}/Capacitor_SMD.3dshapes/C_0805_2012Metric.wrl')
('R17', '${KICAD6_3DMODEL_DIR}/Resistor_SMD.3dshapes/R_0603_1608Metric.wrl')
('R21', '${KICAD6_3DMODEL_DIR}/Resistor_SMD.3dshapes/R_0603_1608Metric.wrl')
('R18', '${KICAD6_3DMODEL_DIR}/Resistor_SMD.3dshapes/R_0603_1608Metric.wrl')
('J3', '${KICAD6_3DMODEL_DIR}/Connector_PinSocket_2.54mm.3dshapes/PinSocket_1x03_P2.54mm_Vertical.wrl')
('J5', '${KICAD6_3DMODEL_DIR}/Connector_JST.3dshapes/JST_SH_BM03B-SRSS-TB_1x03-1MP_P1.00mm_Vertical.wrl')
('D1', ':KICAD7_3DMODEL_DIR:Package_TO_SOT_SMD.3dshapes/SOT-23.wrl')
('R20', '${KICAD6_3DMODEL_DIR}/Resistor_SMD.3dshapes/R_0603_1608Metric.wrl')
